<?xml version="1.0" encoding="UTF-8"?>
<omtg-conceptual-schema xsi:noNamespaceSchemaLocation="omtg-schema-template.xsd" xmlns:xsi="http://www.w3.org/2001/XMLSchema-instance">
	<classes>
		<class>
			<name>X</name>
			<type>polygon</type>
			<attributes>
				<attribute>
					<name>idCidade</name>
					<type>number</type>
					<key>true</key>
					<length>5</length>
					<scale>0</scale>
				</attribute>
				<attribute>
					<name>nomeCidade</name>
					<type>varchar2</type>
					<key>true</key>
					<length>100</length>
				</attribute>
				<attribute>
					<name>codEstado</name>
					<type>varchar2</type>
					<length>100</length>
					<not-null>true</not-null>
				</attribute>
			</attributes>
		</class>
		<class>
			<name>A</name>
			<type>polygon</type>
			<attributes>
				<attribute>
					<name>codA</name>
					<type>varchar2</type>
					<length>100</length>
					<not-null>true</not-null>
				</attribute>
			</attributes>
		</class>
		<class>
			<name>B</name>
			<type>polygon</type>
			<attributes>
				<attribute>
					<name>codB</name>
					<type>varchar2</type>
					<length>100</length>
					<not-null>true</not-null>
				</attribute>
			</attributes>
		</class>
		<class>
			<name>C</name>
			<type>polygon</type>
			<attributes>
				<attribute>
					<name>codC</name>
					<type>varchar2</type>
					<length>100</length>
					<not-null>true</not-null>
				</attribute>
			</attributes>
		</class>
	</classes>
	<relationships>
		<generalization>
			<superclass>X</superclass>
			<participation>total</participation>
			<disjointness>disjoint</disjointness>
			<subclasses>
				<subclass>A</subclass>
				<subclass>B</subclass>
				<subclass>C</subclass>
			</subclasses>
		</generalization>
	</relationships>
</omtg-conceptual-schema>