<?xml version="1.0" encoding="UTF-8"?>
<omtg-conceptual-schema xsi:noNamespaceSchemaLocation="omtg-schema-template.xsd" xmlns:xsi="http://www.w3.org/2001/XMLSchema-instance">
	<classes>
		<class>
			<name>no</name>
			<type>node</type>
			<attributes>
				<attribute>
					<name>idCidade</name>
					<type>number</type>
					<key>true</key>
					<length>5</length>
					<scale>0</scale>
				</attribute>
				<attribute>
					<name>nomeCidade</name>
					<type>varchar2</type>
					<key>true</key>
					<length>50</length>
				</attribute>
				<attribute>
					<name>codEstado</name>
					<type>varchar2</type>
					<length>50</length>
				</attribute>
				<attribute>
					<name>data</name>
					<type>date</type>
				</attribute>
			</attributes>
		</class>
		<class>
			<name>trecho</name>
			<type>un-line</type>
			<attributes>
				<attribute>
					<name>idBairro</name>
					<type>number</type>
					<key>true</key>
					<length>5</length>
					<scale>0</scale>
				</attribute>
				<attribute>
					<name>codBairro</name>
					<type>number</type>
					<key>true</key>
					<length>5</length>
					<scale>0</scale>
				</attribute>
			</attributes>
		</class>
		<class>
			<name>no2</name>
			<type>node</type>
			<attributes>
				<attribute>
					<name>idCidade</name>
					<type>number</type>
					<key>true</key>
					<length>5</length>
					<scale>0</scale>
				</attribute>
				<attribute>
					<name>nomeCidade</name>
					<type>varchar2</type>
					<key>true</key>
					<length>50</length>
				</attribute>
				<attribute>
					<name>codEstado</name>
					<type>varchar2</type>
					<length>50</length>
				</attribute>
			</attributes>
		</class>
		<class>
			<name>trecho2</name>
			<type>un-line</type>
			<attributes>
				<attribute>
					<name>idBairro</name>
					<type>number</type>
					<key>true</key>
					<length>5</length>
					<scale>0</scale>
				</attribute>
				<attribute>
					<name>codBairro</name>
					<type>number</type>
					<key>true</key>
					<length>5</length>
					<scale>0</scale>
				</attribute>
			</attributes>
		</class>
	</classes>
	<relationships>
		<network>
			<name>network1</name>
			<class1>no</class1>
			<class2>trecho</class2>
		</network>
		<network>
			<name>network2</name>
			<class1>trecho2</class1>
			<class2>no2</class2>
		</network>
	</relationships>
</omtg-conceptual-schema>