<?xml version="1.0" encoding="UTF-8"?>
<omtg-conceptual-schema xsi:noNamespaceSchemaLocation="omtg-schema-template.xsd" xmlns:xsi="http://www.w3.org/2001/XMLSchema-instance">
	<classes>
		<class>
			<name>Y</name>
			<type>point</type>
			<attributes>
				<attribute>
					<name>idPais</name>
					<type>number</type>
					<key>true</key>
					<length>5</length>
					<scale>0</scale>
				</attribute>
				<attribute>
					<name>codPais</name>
					<type>varchar2</type>
					<length>100</length>
					<not-null>true</not-null>
				</attribute>
			</attributes>
		</class>
		<class>
			<name>X</name>
			<type>polygon</type>
			<attributes>
				<attribute>
					<name>idCidade</name>
					<type>number</type>
					<key>true</key>
					<length>5</length>
					<scale>0</scale>
				</attribute>
				<attribute>
					<name>nomeCidade</name>
					<type>varchar2</type>
					<key>true</key>
					<length>100</length>
					<not-null>true</not-null>
				</attribute>
				<attribute>
					<name>codEstado</name>
					<type>varchar2</type>
					<length>100</length>
					<not-null>true</not-null>
				</attribute>
			</attributes>
		</class>
		<class>
			<name>A</name>
			<type>polygon</type>
			<attributes>
				<attribute>
					<name>codA</name>
					<type>varchar2</type>
					<length>100</length>
					<not-null>true</not-null>
				</attribute>
			</attributes>
		</class>
		<class>
			<name>B</name>
			<type>polygon</type>
			<attributes>
				<attribute>
					<name>codB</name>
					<type>varchar2</type>
					<length>100</length>
					<not-null>true</not-null>
				</attribute>
			</attributes>
		</class>
		<class>
			<name>C</name>
			<type>polygon</type>
			<attributes>
				<attribute>
					<name>codC</name>
					<type>varchar2</type>
					<length>100</length>
					<not-null>true</not-null>
				</attribute>
			</attributes>
		</class>
		<class>
			<name>D</name>
			<type>point</type>
			<attributes>
				<attribute>
					<name>codD</name>
					<type>varchar2</type>
					<length>100</length>
					<not-null>true</not-null>
				</attribute>
			</attributes>
		</class>
		<class>
			<name>E</name>
			<type>point</type>
			<attributes>
				<attribute>
					<name>codE</name>
					<type>varchar2</type>
					<length>100</length>
					<not-null>true</not-null>
				</attribute>
			</attributes>
		</class>
		<class>
			<name>F</name>
			<type>point</type>
			<attributes>
				<attribute>
					<name>codF</name>
					<type>varchar2</type>
					<length>100</length>
					<not-null>true</not-null>
				</attribute>
			</attributes>
		</class>
	</classes>
	<relationships>
		<generalization>
			<superclass>X</superclass>
			<participation>total</participation>
			<disjointness>disjoint</disjointness>
			<subclasses>
				<subclass>A</subclass>
				<subclass>B</subclass>
				<subclass>C</subclass>
			</subclasses>
		</generalization>
		<conventional>
			<name>contem</name>
			<class1>Y</class1>
			<cardinality1>
				<min>1</min>
				<max>n</max>
			</cardinality1>
			<class2>X</class2>
			<cardinality2>
				<min>1</min>
				<max>n</max>
			</cardinality2>
		</conventional>
		<generalization>
			<superclass>Y</superclass>
			<participation>total</participation>
			<disjointness>disjoint</disjointness>
			<subclasses>
				<subclass>D</subclass>
				<subclass>E</subclass>
				<subclass>F</subclass>
			</subclasses>
		</generalization>
	</relationships>
</omtg-conceptual-schema>