<?xml version="1.0" encoding="UTF-8"?>
<omtg-conceptual-schema xsi:noNamespaceSchemaLocation="omtg-schema-template.xsd" xmlns:xsi="http://www.w3.org/2001/XMLSchema-instance">
	<classes>
		<class>
			<name>X</name>
			<type>TIN</type>
			<attributes>
				<attribute>
					<name>idCidade</name>
					<type>number</type>
					<key>true</key>
					<length>5</length>
					<scale>0</scale>
				</attribute>
				<attribute>
					<name>nomeCidade</name>
					<type>varchar2</type>
					<key>true</key>
					<length>50</length>
					<not-null>true</not-null>
				</attribute>
				<attribute>
					<name>codEstado</name>
					<type>varchar2</type>
					<length>50</length>
					<domain>
						<value>AL</value>
						<value>MG</value>
						<value>PB</value>
					</domain>
				</attribute>
				<attribute>
					<name>telefone</name>
					<type>varchar2</type>
					<length>50</length>
					<size>5</size>
				</attribute>
			</attributes>
		</class>
		<class>
			<name>Y</name>
			<type>planar-subdivision</type>
			<attributes>
				<attribute>
					<name>idBairro</name>
					<type>number</type>
					<key>true</key>
					<length>5</length>
					<scale>0</scale>
				</attribute>
				<attribute>
					<name>telefone</name>
					<type>varchar2</type>
					<length>50</length>
					<size>5</size>
				</attribute>
			</attributes>
		</class>
	</classes>
	<relationships>
		<topological>
			<spatial-relations>
				<spatial-relation>near</spatial-relation>
				<distance>50</distance>
				<unit>m</unit>
			</spatial-relations>
			<class1>X</class1>
			<cardinality1>
				<min>1</min>
				<max>n</max>
			</cardinality1>
			<class2>Y</class2>
			<cardinality2>
				<min>1</min>
				<max>n</max>
			</cardinality2>
		</topological>
	</relationships>
</omtg-conceptual-schema>